Copyright 1986-2022 Xilinx, Inc. All Rights Reserved. Copyright 2022-2024 Advanced Micro Devices, Inc. All Rights Reserved.
---------------------------------------------------------------------------------------------------------------------------------------------
| Tool Version : Vivado v.2023.2.2 (win64) Build 4126759 Thu Feb  8 23:53:51 MST 2024
| Date         : Tue Apr  2 14:36:57 2024
| Host         : MSI running 64-bit major release  (build 9200)
| Command      : report_control_sets -verbose -file main_control_sets_placed.rpt
| Design       : main
| Device       : xc7a35t
---------------------------------------------------------------------------------------------------------------------------------------------

Control Set Information

Table of Contents
-----------------
1. Summary
2. Histogram
3. Flip-Flop Distribution
4. Detailed Control Set Information

1. Summary
----------

+----------------------------------------------------------+-------+
|                          Status                          | Count |
+----------------------------------------------------------+-------+
| Total control sets                                       |    15 |
|    Minimum number of control sets                        |    15 |
|    Addition due to synthesis replication                 |     0 |
|    Addition due to physical synthesis replication        |     0 |
| Unused register locations in slices containing registers |    54 |
+----------------------------------------------------------+-------+
* Control sets can be merged at opt_design using control_set_merge or merge_equivalent_drivers
** Run report_qor_suggestions for automated merging and remapping suggestions


2. Histogram
------------

+--------------------+-------+
|       Fanout       | Count |
+--------------------+-------+
| Total control sets |    15 |
| >= 0 to < 4        |     3 |
| >= 4 to < 6        |     2 |
| >= 6 to < 8        |     3 |
| >= 8 to < 10       |     2 |
| >= 10 to < 12      |     1 |
| >= 12 to < 14      |     0 |
| >= 14 to < 16      |     0 |
| >= 16              |     4 |
+--------------------+-------+
* Control sets can be remapped at either synth_design or opt_design


3. Flip-Flop Distribution
-------------------------

+--------------+-----------------------+------------------------+-----------------+--------------+
| Clock Enable | Synchronous Set/Reset | Asynchronous Set/Reset | Total Registers | Total Slices |
+--------------+-----------------------+------------------------+-----------------+--------------+
| No           | No                    | No                     |             191 |           74 |
| No           | No                    | Yes                    |               0 |            0 |
| No           | Yes                   | No                     |              39 |           11 |
| Yes          | No                    | No                     |              74 |           39 |
| Yes          | No                    | Yes                    |               0 |            0 |
| Yes          | Yes                   | No                     |              50 |           15 |
+--------------+-----------------------+------------------------+-----------------+--------------+


4. Detailed Control Set Information
-----------------------------------

+------------------+--------------------------------------------+------------------------------------------+------------------+----------------+--------------+
|   Clock Signal   |                Enable Signal               |             Set/Reset Signal             | Slice Load Count | Bel Load Count | Bels / Slice |
+------------------+--------------------------------------------+------------------------------------------+------------------+----------------+--------------+
|  i_Clk_IBUF_BUFG |                                            | UDISPLAY/o_S_bus[1]_i_1_n_0              |                1 |              1 |         1.00 |
|  i_Clk_IBUF_BUFG | UTX/r_SM_Main[2]                           |                                          |                1 |              1 |         1.00 |
|  i_Clk_IBUF_BUFG |                                            | UDISPLAY/o_S_bus[6]_i_1_n_0              |                1 |              2 |         2.00 |
|  i_Clk_IBUF_BUFG |                                            | UDISPLAY/o_S_bus[5]_i_1_n_0              |                1 |              4 |         4.00 |
|  i_Clk_IBUF_BUFG | USEND/FSM_onehot_which_byte_out[4]_i_1_n_0 |                                          |                2 |              5 |         2.50 |
|  i_Clk_IBUF_BUFG | USEND/temp_byte_out[6]_i_1_n_0             |                                          |                3 |              7 |         2.33 |
|  i_Clk_IBUF_BUFG | UTX/r_TX_Data_0                            |                                          |                1 |              7 |         7.00 |
|  i_Clk_IBUF_BUFG | UHANDLE/bullet2x[7]_i_1_n_0                |                                          |                2 |              7 |         3.50 |
|  i_Clk_IBUF_BUFG | URX/r_Clk_Count[8]_i_2_n_0                 | URX/r_Clk_Count[8]_i_1__0_n_0            |                4 |              9 |         2.25 |
|  i_Clk_IBUF_BUFG | UTX/r_Clk_Count_1                          | UTX/r_Clk_Count0                         |                3 |              9 |         3.00 |
|  i_Clk_IBUF_BUFG | USEND/counter[11]_i_1_n_0                  |                                          |                3 |             11 |         3.67 |
|  i_Clk_IBUF_BUFG |                                            | UUPDATE/request_selected_int[31]_i_1_n_0 |                8 |             32 |         4.00 |
|  i_Clk_IBUF_BUFG | URX/r_RX_DV_reg_0                          | URX/r_RX_DV_reg_1                        |                8 |             32 |         4.00 |
|  i_Clk_IBUF_BUFG | UHANDLE/tussenwaarde[31]_i_1_n_0           |                                          |               27 |             36 |         1.33 |
|  i_Clk_IBUF_BUFG |                                            |                                          |               74 |            191 |         2.58 |
+------------------+--------------------------------------------+------------------------------------------+------------------+----------------+--------------+


