
*** Running vivado
    with args -log Top.vds -m64 -product Vivado -mode batch -messageDb vivado.pb -notrace -source Top.tcl


ECHO is off.
ECHO is off.

****** Vivado v2023.2.2 (64-bit)
  **** SW Build 4126759 on Thu Feb  8 23:53:51 MST 2024
  **** IP Build 4126054 on Fri Feb  9 11:39:09 MST 2024
  **** SharedData Build 4115275 on Tue Jan 30 00:40:57 MST 2024
    ** Copyright 1986-2022 Xilinx, Inc. All Rights Reserved.
    ** Copyright 2022-2024 Advanced Micro Devices, Inc. All Rights Reserved.

source Top.tcl -notrace
create_project: Time (s): cpu = 00:00:04 ; elapsed = 00:00:07 . Memory (MB): peak = 462.352 ; gain = 185.254
Command: read_checkpoint -auto_incremental -incremental C:/Users/woute/Desktop/rest/HBO/Projecten/Retrogame/RetroGame/VHDL/uart_communication/uart_communication.srcs/utils_1/imports/synth_1/main.dcp
INFO: [Vivado 12-5825] Read reference checkpoint from C:/Users/woute/Desktop/rest/HBO/Projecten/Retrogame/RetroGame/VHDL/uart_communication/uart_communication.srcs/utils_1/imports/synth_1/main.dcp for incremental synthesis
INFO: [Vivado 12-7989] Please ensure there are no constraint changes
Command: synth_design -top Top -part xc7a35tcpg236-1
Starting synth_design
Attempting to get a license for feature 'Synthesis' and/or device 'xc7a35t'
INFO: [Common 17-349] Got license for feature 'Synthesis' and/or device 'xc7a35t'
WARNING: [Vivado_Tcl 4-1809] The reference checkpoint is from an old version of Vivado; A full resynthesis flow will be run
INFO: [Device 21-403] Loading part xc7a35tcpg236-1
INFO: [Designutils 20-5440] No compile time benefit to using incremental synthesis; A full resynthesis will be run
INFO: [Designutils 20-4379] Flow is switching to default flow due to incremental criteria not met. If you would like to alter this behaviour and have the flow terminate instead, please set the following parameter config_implementation {autoIncr.Synth.RejectBehavior Terminate}
INFO: [Synth 8-7079] Multithreading enabled for synth_design using a maximum of 2 processes.
INFO: [Synth 8-7078] Launching helper process for spawning children vivado processes
INFO: [Synth 8-7075] Helper process launched with PID 23528
---------------------------------------------------------------------------------
Starting RTL Elaboration : Time (s): cpu = 00:00:04 ; elapsed = 00:00:06 . Memory (MB): peak = 1311.551 ; gain = 440.547
---------------------------------------------------------------------------------
INFO: [Synth 8-638] synthesizing module 'Top' [C:/Users/woute/Desktop/rest/HBO/Projecten/Retrogame/RetroGame/VHDL/uart_communication/uart_communication.srcs/sources_1/new/Top.vhd:53]
INFO: [Synth 8-3491] module 'main2' declared at 'C:/Users/woute/Desktop/rest/HBO/Projecten/Retrogame/RetroGame/VHDL/uart_communication/uart_communication.srcs/sources_1/new/Videokaart/main2.vhd:13' bound to instance 'VIDEO' of component 'main2' [C:/Users/woute/Desktop/rest/HBO/Projecten/Retrogame/RetroGame/VHDL/uart_communication/uart_communication.srcs/sources_1/new/Top.vhd:135]
INFO: [Synth 8-638] synthesizing module 'main2' [C:/Users/woute/Desktop/rest/HBO/Projecten/Retrogame/RetroGame/VHDL/uart_communication/uart_communication.srcs/sources_1/new/Videokaart/main2.vhd:28]
INFO: [Synth 8-3491] module 'prescaler' declared at 'C:/Users/woute/Desktop/rest/HBO/Projecten/Retrogame/RetroGame/VHDL/uart_communication/uart_communication.runs/synth_1/.Xil/Vivado-15568-MSI/realtime/prescaler_stub.vhdl:6' bound to instance 'G0' of component 'prescaler' [C:/Users/woute/Desktop/rest/HBO/Projecten/Retrogame/RetroGame/VHDL/uart_communication/uart_communication.srcs/sources_1/new/Videokaart/main2.vhd:161]
INFO: [Synth 8-638] synthesizing module 'prescaler' [C:/Users/woute/Desktop/rest/HBO/Projecten/Retrogame/RetroGame/VHDL/uart_communication/uart_communication.runs/synth_1/.Xil/Vivado-15568-MSI/realtime/prescaler_stub.vhdl:15]
INFO: [Synth 8-3491] module 'LocationDetermination' declared at 'C:/Users/woute/Desktop/rest/HBO/Projecten/Retrogame/RetroGame/VHDL/uart_communication/uart_communication.srcs/sources_1/new/Videokaart/locationDetermination.vhd:34' bound to instance 'G1' of component 'locationDetermination' [C:/Users/woute/Desktop/rest/HBO/Projecten/Retrogame/RetroGame/VHDL/uart_communication/uart_communication.srcs/sources_1/new/Videokaart/main2.vhd:168]
INFO: [Synth 8-638] synthesizing module 'LocationDetermination' [C:/Users/woute/Desktop/rest/HBO/Projecten/Retrogame/RetroGame/VHDL/uart_communication/uart_communication.srcs/sources_1/new/Videokaart/locationDetermination.vhd:47]
	Parameter data_width bound to: 4 - type: integer 
	Parameter addr_length bound to: 7 - type: integer 
	Parameter shiftLeft bound to: 0 - type: bool 
INFO: [Synth 8-3491] module 'locationRAM' declared at 'C:/Users/woute/Desktop/rest/HBO/Projecten/Retrogame/RetroGame/VHDL/uart_communication/uart_communication.srcs/sources_1/new/Videokaart/LocationRam.vhd:34' bound to instance 'bot1' of component 'locationRAM' [C:/Users/woute/Desktop/rest/HBO/Projecten/Retrogame/RetroGame/VHDL/uart_communication/uart_communication.srcs/sources_1/new/Videokaart/locationDetermination.vhd:105]
INFO: [Synth 8-638] synthesizing module 'locationRAM' [C:/Users/woute/Desktop/rest/HBO/Projecten/Retrogame/RetroGame/VHDL/uart_communication/uart_communication.srcs/sources_1/new/Videokaart/LocationRam.vhd:49]
	Parameter data_width bound to: 4 - type: integer 
	Parameter addr_length bound to: 7 - type: integer 
	Parameter shiftLeft bound to: 0 - type: bool 
INFO: [Synth 8-256] done synthesizing module 'locationRAM' (0#1) [C:/Users/woute/Desktop/rest/HBO/Projecten/Retrogame/RetroGame/VHDL/uart_communication/uart_communication.srcs/sources_1/new/Videokaart/LocationRam.vhd:49]
	Parameter data_width bound to: 4 - type: integer 
	Parameter addr_length bound to: 7 - type: integer 
	Parameter shiftLeft bound to: 0 - type: bool 
INFO: [Synth 8-3491] module 'locationRAM' declared at 'C:/Users/woute/Desktop/rest/HBO/Projecten/Retrogame/RetroGame/VHDL/uart_communication/uart_communication.srcs/sources_1/new/Videokaart/LocationRam.vhd:34' bound to instance 'bot2' of component 'locationRAM' [C:/Users/woute/Desktop/rest/HBO/Projecten/Retrogame/RetroGame/VHDL/uart_communication/uart_communication.srcs/sources_1/new/Videokaart/locationDetermination.vhd:118]
	Parameter data_width bound to: 4 - type: integer 
	Parameter addr_length bound to: 7 - type: integer 
	Parameter shiftLeft bound to: 0 - type: bool 
INFO: [Synth 8-3491] module 'locationRAM' declared at 'C:/Users/woute/Desktop/rest/HBO/Projecten/Retrogame/RetroGame/VHDL/uart_communication/uart_communication.srcs/sources_1/new/Videokaart/LocationRam.vhd:34' bound to instance 'bot3' of component 'locationRAM' [C:/Users/woute/Desktop/rest/HBO/Projecten/Retrogame/RetroGame/VHDL/uart_communication/uart_communication.srcs/sources_1/new/Videokaart/locationDetermination.vhd:131]
	Parameter data_width bound to: 4 - type: integer 
	Parameter addr_length bound to: 7 - type: integer 
	Parameter shiftLeft bound to: 0 - type: bool 
INFO: [Synth 8-3491] module 'locationRAM' declared at 'C:/Users/woute/Desktop/rest/HBO/Projecten/Retrogame/RetroGame/VHDL/uart_communication/uart_communication.srcs/sources_1/new/Videokaart/LocationRam.vhd:34' bound to instance 'bot4' of component 'locationRAM' [C:/Users/woute/Desktop/rest/HBO/Projecten/Retrogame/RetroGame/VHDL/uart_communication/uart_communication.srcs/sources_1/new/Videokaart/locationDetermination.vhd:144]
	Parameter data_width bound to: 4 - type: integer 
	Parameter addr_length bound to: 7 - type: integer 
	Parameter shiftLeft bound to: 0 - type: bool 
INFO: [Synth 8-3491] module 'locationRAM' declared at 'C:/Users/woute/Desktop/rest/HBO/Projecten/Retrogame/RetroGame/VHDL/uart_communication/uart_communication.srcs/sources_1/new/Videokaart/LocationRam.vhd:34' bound to instance 'bot5' of component 'locationRAM' [C:/Users/woute/Desktop/rest/HBO/Projecten/Retrogame/RetroGame/VHDL/uart_communication/uart_communication.srcs/sources_1/new/Videokaart/locationDetermination.vhd:157]
INFO: [Synth 8-3491] module 'plantRAM' declared at 'C:/Users/woute/Desktop/rest/HBO/Projecten/Retrogame/RetroGame/VHDL/uart_communication/uart_communication.srcs/sources_1/new/Videokaart/plantRam.vhd:35' bound to instance 'plant1' of component 'plantRAM' [C:/Users/woute/Desktop/rest/HBO/Projecten/Retrogame/RetroGame/VHDL/uart_communication/uart_communication.srcs/sources_1/new/Videokaart/locationDetermination.vhd:170]
INFO: [Synth 8-638] synthesizing module 'plantRAM' [C:/Users/woute/Desktop/rest/HBO/Projecten/Retrogame/RetroGame/VHDL/uart_communication/uart_communication.srcs/sources_1/new/Videokaart/plantRam.vhd:45]
INFO: [Synth 8-256] done synthesizing module 'plantRAM' (0#1) [C:/Users/woute/Desktop/rest/HBO/Projecten/Retrogame/RetroGame/VHDL/uart_communication/uart_communication.srcs/sources_1/new/Videokaart/plantRam.vhd:45]
INFO: [Synth 8-3491] module 'plantRAM' declared at 'C:/Users/woute/Desktop/rest/HBO/Projecten/Retrogame/RetroGame/VHDL/uart_communication/uart_communication.srcs/sources_1/new/Videokaart/plantRam.vhd:35' bound to instance 'plant2' of component 'plantRAM' [C:/Users/woute/Desktop/rest/HBO/Projecten/Retrogame/RetroGame/VHDL/uart_communication/uart_communication.srcs/sources_1/new/Videokaart/locationDetermination.vhd:179]
INFO: [Synth 8-3491] module 'plantRAM' declared at 'C:/Users/woute/Desktop/rest/HBO/Projecten/Retrogame/RetroGame/VHDL/uart_communication/uart_communication.srcs/sources_1/new/Videokaart/plantRam.vhd:35' bound to instance 'plant3' of component 'plantRAM' [C:/Users/woute/Desktop/rest/HBO/Projecten/Retrogame/RetroGame/VHDL/uart_communication/uart_communication.srcs/sources_1/new/Videokaart/locationDetermination.vhd:188]
INFO: [Synth 8-3491] module 'plantRAM' declared at 'C:/Users/woute/Desktop/rest/HBO/Projecten/Retrogame/RetroGame/VHDL/uart_communication/uart_communication.srcs/sources_1/new/Videokaart/plantRam.vhd:35' bound to instance 'plant4' of component 'plantRAM' [C:/Users/woute/Desktop/rest/HBO/Projecten/Retrogame/RetroGame/VHDL/uart_communication/uart_communication.srcs/sources_1/new/Videokaart/locationDetermination.vhd:197]
INFO: [Synth 8-3491] module 'plantRAM' declared at 'C:/Users/woute/Desktop/rest/HBO/Projecten/Retrogame/RetroGame/VHDL/uart_communication/uart_communication.srcs/sources_1/new/Videokaart/plantRam.vhd:35' bound to instance 'plant5' of component 'plantRAM' [C:/Users/woute/Desktop/rest/HBO/Projecten/Retrogame/RetroGame/VHDL/uart_communication/uart_communication.srcs/sources_1/new/Videokaart/locationDetermination.vhd:206]
INFO: [Synth 8-3491] module 'selectorRam' declared at 'C:/Users/woute/Desktop/rest/HBO/Projecten/Retrogame/RetroGame/VHDL/uart_communication/uart_communication.srcs/sources_1/new/Videokaart/selectorRam.vhd:34' bound to instance 'selector1' of component 'selectorRam' [C:/Users/woute/Desktop/rest/HBO/Projecten/Retrogame/RetroGame/VHDL/uart_communication/uart_communication.srcs/sources_1/new/Videokaart/locationDetermination.vhd:216]
INFO: [Synth 8-638] synthesizing module 'selectorRam' [C:/Users/woute/Desktop/rest/HBO/Projecten/Retrogame/RetroGame/VHDL/uart_communication/uart_communication.srcs/sources_1/new/Videokaart/selectorRam.vhd:46]
INFO: [Synth 8-256] done synthesizing module 'selectorRam' (0#1) [C:/Users/woute/Desktop/rest/HBO/Projecten/Retrogame/RetroGame/VHDL/uart_communication/uart_communication.srcs/sources_1/new/Videokaart/selectorRam.vhd:46]
INFO: [Synth 8-256] done synthesizing module 'LocationDetermination' (0#1) [C:/Users/woute/Desktop/rest/HBO/Projecten/Retrogame/RetroGame/VHDL/uart_communication/uart_communication.srcs/sources_1/new/Videokaart/locationDetermination.vhd:47]
INFO: [Synth 8-3491] module 'LocationDetermination' declared at 'C:/Users/woute/Desktop/rest/HBO/Projecten/Retrogame/RetroGame/VHDL/uart_communication/uart_communication.srcs/sources_1/new/Videokaart/locationDetermination.vhd:34' bound to instance 'G1D1' of component 'locationDetermination' [C:/Users/woute/Desktop/rest/HBO/Projecten/Retrogame/RetroGame/VHDL/uart_communication/uart_communication.srcs/sources_1/new/Videokaart/main2.vhd:181]
WARNING: [Synth 8-5640] Port 'spriteselectq' is missing in component declaration [C:/Users/woute/Desktop/rest/HBO/Projecten/Retrogame/RetroGame/VHDL/uart_communication/uart_communication.srcs/sources_1/new/Videokaart/main2.vhd:55]
INFO: [Synth 8-3491] module 'sprite_locatie' declared at 'C:/Users/woute/Desktop/rest/HBO/Projecten/Retrogame/RetroGame/VHDL/uart_communication/uart_communication.srcs/sources_1/new/Videokaart/sprite locatie.vhd:34' bound to instance 'G2' of component 'sprite_locatie' [C:/Users/woute/Desktop/rest/HBO/Projecten/Retrogame/RetroGame/VHDL/uart_communication/uart_communication.srcs/sources_1/new/Videokaart/main2.vhd:194]
INFO: [Synth 8-638] synthesizing module 'sprite_locatie' [C:/Users/woute/Desktop/rest/HBO/Projecten/Retrogame/RetroGame/VHDL/uart_communication/uart_communication.srcs/sources_1/new/Videokaart/sprite locatie.vhd:52]
WARNING: [Synth 8-614] signal 'aReset' is read in the process but is not in the sensitivity list [C:/Users/woute/Desktop/rest/HBO/Projecten/Retrogame/RetroGame/VHDL/uart_communication/uart_communication.srcs/sources_1/new/Videokaart/sprite locatie.vhd:64]
WARNING: [Synth 8-614] signal 'mySpriteSelect' is read in the process but is not in the sensitivity list [C:/Users/woute/Desktop/rest/HBO/Projecten/Retrogame/RetroGame/VHDL/uart_communication/uart_communication.srcs/sources_1/new/Videokaart/sprite locatie.vhd:64]
INFO: [Synth 8-256] done synthesizing module 'sprite_locatie' (0#1) [C:/Users/woute/Desktop/rest/HBO/Projecten/Retrogame/RetroGame/VHDL/uart_communication/uart_communication.srcs/sources_1/new/Videokaart/sprite locatie.vhd:52]
INFO: [Synth 8-3491] module 'vROM' declared at 'C:/Users/woute/Desktop/rest/HBO/Projecten/Retrogame/RetroGame/VHDL/uart_communication/uart_communication.srcs/sources_1/new/Videokaart/vROM.vhd:14' bound to instance 'G3' of component 'vROM' [C:/Users/woute/Desktop/rest/HBO/Projecten/Retrogame/RetroGame/VHDL/uart_communication/uart_communication.srcs/sources_1/new/Videokaart/main2.vhd:207]
INFO: [Synth 8-638] synthesizing module 'vROM' [C:/Users/woute/Desktop/rest/HBO/Projecten/Retrogame/RetroGame/VHDL/uart_communication/uart_communication.srcs/sources_1/new/Videokaart/vROM.vhd:26]
INFO: [Synth 8-3491] module 'blk_mem_gen_0' declared at 'C:/Users/woute/Desktop/rest/HBO/Projecten/Retrogame/RetroGame/VHDL/uart_communication/uart_communication.runs/synth_1/.Xil/Vivado-15568-MSI/realtime/blk_mem_gen_0_stub.vhdl:6' bound to instance 'ROM1' of component 'blk_mem_gen_0' [C:/Users/woute/Desktop/rest/HBO/Projecten/Retrogame/RetroGame/VHDL/uart_communication/uart_communication.srcs/sources_1/new/Videokaart/vROM.vhd:137]
INFO: [Synth 8-638] synthesizing module 'blk_mem_gen_0' [C:/Users/woute/Desktop/rest/HBO/Projecten/Retrogame/RetroGame/VHDL/uart_communication/uart_communication.runs/synth_1/.Xil/Vivado-15568-MSI/realtime/blk_mem_gen_0_stub.vhdl:15]
INFO: [Synth 8-3491] module 'blk_mem_gen_1' declared at 'C:/Users/woute/Desktop/rest/HBO/Projecten/Retrogame/RetroGame/VHDL/uart_communication/uart_communication.runs/synth_1/.Xil/Vivado-15568-MSI/realtime/blk_mem_gen_1_stub.vhdl:6' bound to instance 'ROM2' of component 'blk_mem_gen_1' [C:/Users/woute/Desktop/rest/HBO/Projecten/Retrogame/RetroGame/VHDL/uart_communication/uart_communication.srcs/sources_1/new/Videokaart/vROM.vhd:143]
INFO: [Synth 8-638] synthesizing module 'blk_mem_gen_1' [C:/Users/woute/Desktop/rest/HBO/Projecten/Retrogame/RetroGame/VHDL/uart_communication/uart_communication.runs/synth_1/.Xil/Vivado-15568-MSI/realtime/blk_mem_gen_1_stub.vhdl:15]
INFO: [Synth 8-3491] module 'blk_mem_gen_2' declared at 'C:/Users/woute/Desktop/rest/HBO/Projecten/Retrogame/RetroGame/VHDL/uart_communication/uart_communication.runs/synth_1/.Xil/Vivado-15568-MSI/realtime/blk_mem_gen_2_stub.vhdl:6' bound to instance 'ROM3' of component 'blk_mem_gen_2' [C:/Users/woute/Desktop/rest/HBO/Projecten/Retrogame/RetroGame/VHDL/uart_communication/uart_communication.srcs/sources_1/new/Videokaart/vROM.vhd:149]
INFO: [Synth 8-638] synthesizing module 'blk_mem_gen_2' [C:/Users/woute/Desktop/rest/HBO/Projecten/Retrogame/RetroGame/VHDL/uart_communication/uart_communication.runs/synth_1/.Xil/Vivado-15568-MSI/realtime/blk_mem_gen_2_stub.vhdl:15]
INFO: [Synth 8-3491] module 'blk_mem_gen_3' declared at 'C:/Users/woute/Desktop/rest/HBO/Projecten/Retrogame/RetroGame/VHDL/uart_communication/uart_communication.runs/synth_1/.Xil/Vivado-15568-MSI/realtime/blk_mem_gen_3_stub.vhdl:6' bound to instance 'ROM4' of component 'blk_mem_gen_3' [C:/Users/woute/Desktop/rest/HBO/Projecten/Retrogame/RetroGame/VHDL/uart_communication/uart_communication.srcs/sources_1/new/Videokaart/vROM.vhd:155]
INFO: [Synth 8-638] synthesizing module 'blk_mem_gen_3' [C:/Users/woute/Desktop/rest/HBO/Projecten/Retrogame/RetroGame/VHDL/uart_communication/uart_communication.runs/synth_1/.Xil/Vivado-15568-MSI/realtime/blk_mem_gen_3_stub.vhdl:15]
INFO: [Synth 8-3491] module 'blk_mem_gen_4' declared at 'C:/Users/woute/Desktop/rest/HBO/Projecten/Retrogame/RetroGame/VHDL/uart_communication/uart_communication.runs/synth_1/.Xil/Vivado-15568-MSI/realtime/blk_mem_gen_4_stub.vhdl:6' bound to instance 'ROM5' of component 'blk_mem_gen_4' [C:/Users/woute/Desktop/rest/HBO/Projecten/Retrogame/RetroGame/VHDL/uart_communication/uart_communication.srcs/sources_1/new/Videokaart/vROM.vhd:161]
INFO: [Synth 8-638] synthesizing module 'blk_mem_gen_4' [C:/Users/woute/Desktop/rest/HBO/Projecten/Retrogame/RetroGame/VHDL/uart_communication/uart_communication.runs/synth_1/.Xil/Vivado-15568-MSI/realtime/blk_mem_gen_4_stub.vhdl:15]
INFO: [Synth 8-3491] module 'blk_mem_gen_5' declared at 'C:/Users/woute/Desktop/rest/HBO/Projecten/Retrogame/RetroGame/VHDL/uart_communication/uart_communication.runs/synth_1/.Xil/Vivado-15568-MSI/realtime/blk_mem_gen_5_stub.vhdl:6' bound to instance 'ROM6' of component 'blk_mem_gen_5' [C:/Users/woute/Desktop/rest/HBO/Projecten/Retrogame/RetroGame/VHDL/uart_communication/uart_communication.srcs/sources_1/new/Videokaart/vROM.vhd:167]
INFO: [Synth 8-638] synthesizing module 'blk_mem_gen_5' [C:/Users/woute/Desktop/rest/HBO/Projecten/Retrogame/RetroGame/VHDL/uart_communication/uart_communication.runs/synth_1/.Xil/Vivado-15568-MSI/realtime/blk_mem_gen_5_stub.vhdl:15]
INFO: [Synth 8-3491] module 'blk_mem_gen_6' declared at 'C:/Users/woute/Desktop/rest/HBO/Projecten/Retrogame/RetroGame/VHDL/uart_communication/uart_communication.runs/synth_1/.Xil/Vivado-15568-MSI/realtime/blk_mem_gen_6_stub.vhdl:6' bound to instance 'ROM7' of component 'blk_mem_gen_6' [C:/Users/woute/Desktop/rest/HBO/Projecten/Retrogame/RetroGame/VHDL/uart_communication/uart_communication.srcs/sources_1/new/Videokaart/vROM.vhd:173]
INFO: [Synth 8-638] synthesizing module 'blk_mem_gen_6' [C:/Users/woute/Desktop/rest/HBO/Projecten/Retrogame/RetroGame/VHDL/uart_communication/uart_communication.runs/synth_1/.Xil/Vivado-15568-MSI/realtime/blk_mem_gen_6_stub.vhdl:15]
INFO: [Synth 8-3491] module 'blk_mem_gen_7' declared at 'C:/Users/woute/Desktop/rest/HBO/Projecten/Retrogame/RetroGame/VHDL/uart_communication/uart_communication.runs/synth_1/.Xil/Vivado-15568-MSI/realtime/blk_mem_gen_7_stub.vhdl:6' bound to instance 'ROM8' of component 'blk_mem_gen_7' [C:/Users/woute/Desktop/rest/HBO/Projecten/Retrogame/RetroGame/VHDL/uart_communication/uart_communication.srcs/sources_1/new/Videokaart/vROM.vhd:179]
INFO: [Synth 8-638] synthesizing module 'blk_mem_gen_7' [C:/Users/woute/Desktop/rest/HBO/Projecten/Retrogame/RetroGame/VHDL/uart_communication/uart_communication.runs/synth_1/.Xil/Vivado-15568-MSI/realtime/blk_mem_gen_7_stub.vhdl:15]
INFO: [Synth 8-3491] module 'blk_mem_gen_8' declared at 'C:/Users/woute/Desktop/rest/HBO/Projecten/Retrogame/RetroGame/VHDL/uart_communication/uart_communication.runs/synth_1/.Xil/Vivado-15568-MSI/realtime/blk_mem_gen_8_stub.vhdl:6' bound to instance 'ROM9' of component 'blk_mem_gen_8' [C:/Users/woute/Desktop/rest/HBO/Projecten/Retrogame/RetroGame/VHDL/uart_communication/uart_communication.srcs/sources_1/new/Videokaart/vROM.vhd:185]
INFO: [Synth 8-638] synthesizing module 'blk_mem_gen_8' [C:/Users/woute/Desktop/rest/HBO/Projecten/Retrogame/RetroGame/VHDL/uart_communication/uart_communication.runs/synth_1/.Xil/Vivado-15568-MSI/realtime/blk_mem_gen_8_stub.vhdl:15]
INFO: [Synth 8-256] done synthesizing module 'vROM' (0#1) [C:/Users/woute/Desktop/rest/HBO/Projecten/Retrogame/RetroGame/VHDL/uart_communication/uart_communication.srcs/sources_1/new/Videokaart/vROM.vhd:26]
INFO: [Synth 8-3491] module 'VGA' declared at 'C:/Users/woute/Desktop/rest/HBO/Projecten/Retrogame/RetroGame/VHDL/uart_communication/uart_communication.srcs/sources_1/new/Videokaart/vga.vhd:8' bound to instance 'G4' of component 'VGA' [C:/Users/woute/Desktop/rest/HBO/Projecten/Retrogame/RetroGame/VHDL/uart_communication/uart_communication.srcs/sources_1/new/Videokaart/main2.vhd:221]
INFO: [Synth 8-638] synthesizing module 'VGA' [C:/Users/woute/Desktop/rest/HBO/Projecten/Retrogame/RetroGame/VHDL/uart_communication/uart_communication.srcs/sources_1/new/Videokaart/vga.vhd:20]
INFO: [Synth 8-256] done synthesizing module 'VGA' (0#1) [C:/Users/woute/Desktop/rest/HBO/Projecten/Retrogame/RetroGame/VHDL/uart_communication/uart_communication.srcs/sources_1/new/Videokaart/vga.vhd:20]
INFO: [Synth 8-3491] module 'textComp' declared at 'C:/Users/woute/Desktop/rest/HBO/Projecten/Retrogame/RetroGame/VHDL/uart_communication/uart_communication.srcs/sources_1/new/Videokaart/Tekst/text.vhd:35' bound to instance 'G5' of component 'textComp' [C:/Users/woute/Desktop/rest/HBO/Projecten/Retrogame/RetroGame/VHDL/uart_communication/uart_communication.srcs/sources_1/new/Videokaart/main2.vhd:234]
INFO: [Synth 8-638] synthesizing module 'textComp' [C:/Users/woute/Desktop/rest/HBO/Projecten/Retrogame/RetroGame/VHDL/uart_communication/uart_communication.srcs/sources_1/new/Videokaart/Tekst/text.vhd:46]
INFO: [Synth 8-638] synthesizing module 'Pixel_On_Text' [C:/Users/woute/Desktop/rest/HBO/Projecten/Retrogame/RetroGame/VHDL/uart_communication/uart_communication.srcs/sources_1/new/Videokaart/Tekst/Pixel_On_Text.vhd:49]
	Parameter textLength bound to: 3 - type: integer 
INFO: [Synth 8-638] synthesizing module 'Font_Rom' [C:/Users/woute/Desktop/rest/HBO/Projecten/Retrogame/RetroGame/VHDL/uart_communication/uart_communication.srcs/sources_1/new/Videokaart/Tekst/Font_Rom.vhd:40]
INFO: [Synth 8-256] done synthesizing module 'Font_Rom' (0#1) [C:/Users/woute/Desktop/rest/HBO/Projecten/Retrogame/RetroGame/VHDL/uart_communication/uart_communication.srcs/sources_1/new/Videokaart/Tekst/Font_Rom.vhd:40]
INFO: [Synth 8-256] done synthesizing module 'Pixel_On_Text' (0#1) [C:/Users/woute/Desktop/rest/HBO/Projecten/Retrogame/RetroGame/VHDL/uart_communication/uart_communication.srcs/sources_1/new/Videokaart/Tekst/Pixel_On_Text.vhd:49]
INFO: [Synth 8-638] synthesizing module 'Pixel_On_Text__parameterized0' [C:/Users/woute/Desktop/rest/HBO/Projecten/Retrogame/RetroGame/VHDL/uart_communication/uart_communication.srcs/sources_1/new/Videokaart/Tekst/Pixel_On_Text.vhd:49]
	Parameter textLength bound to: 7 - type: integer 
INFO: [Synth 8-256] done synthesizing module 'Pixel_On_Text__parameterized0' (0#1) [C:/Users/woute/Desktop/rest/HBO/Projecten/Retrogame/RetroGame/VHDL/uart_communication/uart_communication.srcs/sources_1/new/Videokaart/Tekst/Pixel_On_Text.vhd:49]
INFO: [Synth 8-638] synthesizing module 'Pixel_On_Text__parameterized1' [C:/Users/woute/Desktop/rest/HBO/Projecten/Retrogame/RetroGame/VHDL/uart_communication/uart_communication.srcs/sources_1/new/Videokaart/Tekst/Pixel_On_Text.vhd:49]
	Parameter textLength bound to: 4 - type: integer 
INFO: [Synth 8-256] done synthesizing module 'Pixel_On_Text__parameterized1' (0#1) [C:/Users/woute/Desktop/rest/HBO/Projecten/Retrogame/RetroGame/VHDL/uart_communication/uart_communication.srcs/sources_1/new/Videokaart/Tekst/Pixel_On_Text.vhd:49]
INFO: [Synth 8-638] synthesizing module 'Pixel_On_Text__parameterized2' [C:/Users/woute/Desktop/rest/HBO/Projecten/Retrogame/RetroGame/VHDL/uart_communication/uart_communication.srcs/sources_1/new/Videokaart/Tekst/Pixel_On_Text.vhd:49]
	Parameter textLength bound to: 6 - type: integer 
INFO: [Synth 8-256] done synthesizing module 'Pixel_On_Text__parameterized2' (0#1) [C:/Users/woute/Desktop/rest/HBO/Projecten/Retrogame/RetroGame/VHDL/uart_communication/uart_communication.srcs/sources_1/new/Videokaart/Tekst/Pixel_On_Text.vhd:49]
INFO: [Synth 8-256] done synthesizing module 'textComp' (0#1) [C:/Users/woute/Desktop/rest/HBO/Projecten/Retrogame/RetroGame/VHDL/uart_communication/uart_communication.srcs/sources_1/new/Videokaart/Tekst/text.vhd:46]
INFO: [Synth 8-256] done synthesizing module 'main2' (0#1) [C:/Users/woute/Desktop/rest/HBO/Projecten/Retrogame/RetroGame/VHDL/uart_communication/uart_communication.srcs/sources_1/new/Videokaart/main2.vhd:28]
INFO: [Synth 8-3491] module 'main' declared at 'C:/Users/woute/Desktop/rest/HBO/Projecten/Retrogame/RetroGame/VHDL/uart_communication/uart_communication.srcs/sources_1/new/main.vhd:36' bound to instance 'UART' of component 'main' [C:/Users/woute/Desktop/rest/HBO/Projecten/Retrogame/RetroGame/VHDL/uart_communication/uart_communication.srcs/sources_1/new/Top.vhd:153]
INFO: [Synth 8-638] synthesizing module 'main' [C:/Users/woute/Desktop/rest/HBO/Projecten/Retrogame/RetroGame/VHDL/uart_communication/uart_communication.srcs/sources_1/new/main.vhd:60]
INFO: [Synth 8-3491] module 'UART_RX' declared at 'C:/Users/woute/Desktop/rest/HBO/Projecten/Retrogame/RetroGame/VHDL/uart_communication/uart_communication.srcs/sources_1/new/Uart_rx.vhd:23' bound to instance 'URX' of component 'UART_RX' [C:/Users/woute/Desktop/rest/HBO/Projecten/Retrogame/RetroGame/VHDL/uart_communication/uart_communication.srcs/sources_1/new/main.vhd:153]
INFO: [Synth 8-638] synthesizing module 'UART_RX' [C:/Users/woute/Desktop/rest/HBO/Projecten/Retrogame/RetroGame/VHDL/uart_communication/uart_communication.srcs/sources_1/new/Uart_rx.vhd:36]
INFO: [Synth 8-256] done synthesizing module 'UART_RX' (0#1) [C:/Users/woute/Desktop/rest/HBO/Projecten/Retrogame/RetroGame/VHDL/uart_communication/uart_communication.srcs/sources_1/new/Uart_rx.vhd:36]
INFO: [Synth 8-3491] module 'UART_TX' declared at 'C:/Users/woute/Desktop/rest/HBO/Projecten/Retrogame/RetroGame/VHDL/uart_communication/uart_communication.srcs/sources_1/new/UART_TX.vhd:24' bound to instance 'UTX' of component 'UART_TX' [C:/Users/woute/Desktop/rest/HBO/Projecten/Retrogame/RetroGame/VHDL/uart_communication/uart_communication.srcs/sources_1/new/main.vhd:160]
INFO: [Synth 8-638] synthesizing module 'UART_TX' [C:/Users/woute/Desktop/rest/HBO/Projecten/Retrogame/RetroGame/VHDL/uart_communication/uart_communication.srcs/sources_1/new/UART_TX.vhd:39]
INFO: [Synth 8-256] done synthesizing module 'UART_TX' (0#1) [C:/Users/woute/Desktop/rest/HBO/Projecten/Retrogame/RetroGame/VHDL/uart_communication/uart_communication.srcs/sources_1/new/UART_TX.vhd:39]
INFO: [Synth 8-3491] module 'RD_Process' declared at 'C:/Users/woute/Desktop/rest/HBO/Projecten/Retrogame/RetroGame/VHDL/uart_communication/uart_communication.srcs/sources_1/new/RD_Process.vhd:31' bound to instance 'UHANDLE' of component 'RD_Process' [C:/Users/woute/Desktop/rest/HBO/Projecten/Retrogame/RetroGame/VHDL/uart_communication/uart_communication.srcs/sources_1/new/main.vhd:169]
INFO: [Synth 8-638] synthesizing module 'RD_Process' [C:/Users/woute/Desktop/rest/HBO/Projecten/Retrogame/RetroGame/VHDL/uart_communication/uart_communication.srcs/sources_1/new/RD_Process.vhd:50]
WARNING: [Synth 8-614] signal 'Number' is read in the process but is not in the sensitivity list [C:/Users/woute/Desktop/rest/HBO/Projecten/Retrogame/RetroGame/VHDL/uart_communication/uart_communication.srcs/sources_1/new/RD_Process.vhd:57]
WARNING: [Synth 8-614] signal 'money' is read in the process but is not in the sensitivity list [C:/Users/woute/Desktop/rest/HBO/Projecten/Retrogame/RetroGame/VHDL/uart_communication/uart_communication.srcs/sources_1/new/RD_Process.vhd:57]
WARNING: [Synth 8-614] signal 'next_nr' is read in the process but is not in the sensitivity list [C:/Users/woute/Desktop/rest/HBO/Projecten/Retrogame/RetroGame/VHDL/uart_communication/uart_communication.srcs/sources_1/new/RD_Process.vhd:57]
WARNING: [Synth 8-614] signal 'switchS' is read in the process but is not in the sensitivity list [C:/Users/woute/Desktop/rest/HBO/Projecten/Retrogame/RetroGame/VHDL/uart_communication/uart_communication.srcs/sources_1/new/RD_Process.vhd:57]
INFO: [Synth 8-256] done synthesizing module 'RD_Process' (0#1) [C:/Users/woute/Desktop/rest/HBO/Projecten/Retrogame/RetroGame/VHDL/uart_communication/uart_communication.srcs/sources_1/new/RD_Process.vhd:50]
INFO: [Synth 8-3491] module 'UREQUEST' declared at 'C:/Users/woute/Desktop/rest/HBO/Projecten/Retrogame/RetroGame/VHDL/uart_communication/uart_communication.srcs/sources_1/new/UREQUEST.vhd:34' bound to instance 'USEND' of component 'UREQUEST' [C:/Users/woute/Desktop/rest/HBO/Projecten/Retrogame/RetroGame/VHDL/uart_communication/uart_communication.srcs/sources_1/new/main.vhd:187]
INFO: [Synth 8-638] synthesizing module 'UREQUEST' [C:/Users/woute/Desktop/rest/HBO/Projecten/Retrogame/RetroGame/VHDL/uart_communication/uart_communication.srcs/sources_1/new/UREQUEST.vhd:46]
INFO: [Synth 8-256] done synthesizing module 'UREQUEST' (0#1) [C:/Users/woute/Desktop/rest/HBO/Projecten/Retrogame/RetroGame/VHDL/uart_communication/uart_communication.srcs/sources_1/new/UREQUEST.vhd:46]
INFO: [Synth 8-3491] module 'Select_Request' declared at 'C:/Users/woute/Desktop/rest/HBO/Projecten/Retrogame/RetroGame/VHDL/uart_communication/uart_communication.srcs/sources_1/new/Select_Request.vhd:34' bound to instance 'UUPDATE' of component 'Select_Request' [C:/Users/woute/Desktop/rest/HBO/Projecten/Retrogame/RetroGame/VHDL/uart_communication/uart_communication.srcs/sources_1/new/main.vhd:197]
INFO: [Synth 8-638] synthesizing module 'Select_Request' [C:/Users/woute/Desktop/rest/HBO/Projecten/Retrogame/RetroGame/VHDL/uart_communication/uart_communication.srcs/sources_1/new/Select_Request.vhd:41]
INFO: [Synth 8-256] done synthesizing module 'Select_Request' (0#1) [C:/Users/woute/Desktop/rest/HBO/Projecten/Retrogame/RetroGame/VHDL/uart_communication/uart_communication.srcs/sources_1/new/Select_Request.vhd:41]
INFO: [Synth 8-3491] module 'display_bus' declared at 'C:/Users/woute/Desktop/rest/HBO/Projecten/Retrogame/RetroGame/VHDL/uart_communication/uart_communication.srcs/sources_1/new/display_bus.vhd:25' bound to instance 'UDISPLAY' of component 'display_bus' [C:/Users/woute/Desktop/rest/HBO/Projecten/Retrogame/RetroGame/VHDL/uart_communication/uart_communication.srcs/sources_1/new/main.vhd:204]
INFO: [Synth 8-638] synthesizing module 'display_bus' [C:/Users/woute/Desktop/rest/HBO/Projecten/Retrogame/RetroGame/VHDL/uart_communication/uart_communication.srcs/sources_1/new/display_bus.vhd:33]
INFO: [Synth 8-256] done synthesizing module 'display_bus' (0#1) [C:/Users/woute/Desktop/rest/HBO/Projecten/Retrogame/RetroGame/VHDL/uart_communication/uart_communication.srcs/sources_1/new/display_bus.vhd:33]
INFO: [Synth 8-3491] module 'Sound' declared at 'C:/Users/woute/Desktop/rest/HBO/Projecten/Retrogame/RetroGame/VHDL/uart_communication/uart_communication.srcs/sources_1/new/Sound.vhd:34' bound to instance 'USOUND' of component 'Sound' [C:/Users/woute/Desktop/rest/HBO/Projecten/Retrogame/RetroGame/VHDL/uart_communication/uart_communication.srcs/sources_1/new/main.vhd:211]
INFO: [Synth 8-638] synthesizing module 'Sound' [C:/Users/woute/Desktop/rest/HBO/Projecten/Retrogame/RetroGame/VHDL/uart_communication/uart_communication.srcs/sources_1/new/Sound.vhd:40]
INFO: [Synth 8-3491] module 'SoundController' declared at 'C:/Users/woute/Desktop/rest/HBO/Projecten/Retrogame/RetroGame/VHDL/uart_communication/uart_communication.srcs/sources_1/new/SoundController.vhd:31' bound to instance 'PLAYHZ' of component 'SoundController' [C:/Users/woute/Desktop/rest/HBO/Projecten/Retrogame/RetroGame/VHDL/uart_communication/uart_communication.srcs/sources_1/new/Sound.vhd:99]
INFO: [Synth 8-638] synthesizing module 'SoundController' [C:/Users/woute/Desktop/rest/HBO/Projecten/Retrogame/RetroGame/VHDL/uart_communication/uart_communication.srcs/sources_1/new/SoundController.vhd:39]
INFO: [Synth 8-256] done synthesizing module 'SoundController' (0#1) [C:/Users/woute/Desktop/rest/HBO/Projecten/Retrogame/RetroGame/VHDL/uart_communication/uart_communication.srcs/sources_1/new/SoundController.vhd:39]
INFO: [Synth 8-256] done synthesizing module 'Sound' (0#1) [C:/Users/woute/Desktop/rest/HBO/Projecten/Retrogame/RetroGame/VHDL/uart_communication/uart_communication.srcs/sources_1/new/Sound.vhd:40]
INFO: [Synth 8-256] done synthesizing module 'main' (0#1) [C:/Users/woute/Desktop/rest/HBO/Projecten/Retrogame/RetroGame/VHDL/uart_communication/uart_communication.srcs/sources_1/new/main.vhd:60]
INFO: [Synth 8-256] done synthesizing module 'Top' (0#1) [C:/Users/woute/Desktop/rest/HBO/Projecten/Retrogame/RetroGame/VHDL/uart_communication/uart_communication.srcs/sources_1/new/Top.vhd:53]
WARNING: [Synth 8-5863] Implementing Library version of Mod/Rem due to signed path. This typically leads to poor QOR. Check RTL to see if unsigned path for the operator is possible  [C:/Users/woute/Desktop/rest/HBO/Projecten/Retrogame/RetroGame/VHDL/uart_communication/uart_communication.srcs/sources_1/new/Videokaart/Tekst/Pixel_On_Text.vhd:63]
WARNING: [Synth 8-5863] Implementing Library version of Mod/Rem due to signed path. This typically leads to poor QOR. Check RTL to see if unsigned path for the operator is possible  [C:/Users/woute/Desktop/rest/HBO/Projecten/Retrogame/RetroGame/VHDL/uart_communication/uart_communication.srcs/sources_1/new/Videokaart/Tekst/Pixel_On_Text.vhd:63]
WARNING: [Synth 8-5863] Implementing Library version of Mod/Rem due to signed path. This typically leads to poor QOR. Check RTL to see if unsigned path for the operator is possible  [C:/Users/woute/Desktop/rest/HBO/Projecten/Retrogame/RetroGame/VHDL/uart_communication/uart_communication.srcs/sources_1/new/Videokaart/Tekst/Pixel_On_Text.vhd:63]
WARNING: [Synth 8-5863] Implementing Library version of Mod/Rem due to signed path. This typically leads to poor QOR. Check RTL to see if unsigned path for the operator is possible  [C:/Users/woute/Desktop/rest/HBO/Projecten/Retrogame/RetroGame/VHDL/uart_communication/uart_communication.srcs/sources_1/new/Videokaart/Tekst/Pixel_On_Text.vhd:63]
WARNING: [Synth 8-7129] Port i_Request_select[3] in module UREQUEST is either unconnected or has no load
WARNING: [Synth 8-7129] Port i_Request_select[2] in module UREQUEST is either unconnected or has no load
WARNING: [Synth 8-7129] Port i_Request_select[1] in module UREQUEST is either unconnected or has no load
WARNING: [Synth 8-7129] Port i_Request_select[0] in module UREQUEST is either unconnected or has no load
WARNING: [Synth 8-7129] Port i_Update_request in module UREQUEST is either unconnected or has no load
WARNING: [Synth 8-7129] Port hpos[7] in module vROM is either unconnected or has no load
WARNING: [Synth 8-7129] Port vpos[7] in module vROM is either unconnected or has no load
---------------------------------------------------------------------------------
Finished RTL Elaboration : Time (s): cpu = 00:00:06 ; elapsed = 00:00:09 . Memory (MB): peak = 1473.898 ; gain = 602.895
---------------------------------------------------------------------------------
---------------------------------------------------------------------------------
Start Handling Custom Attributes
---------------------------------------------------------------------------------
---------------------------------------------------------------------------------
Finished Handling Custom Attributes : Time (s): cpu = 00:00:06 ; elapsed = 00:00:10 . Memory (MB): peak = 1473.898 ; gain = 602.895
---------------------------------------------------------------------------------
---------------------------------------------------------------------------------
Finished RTL Optimization Phase 1 : Time (s): cpu = 00:00:06 ; elapsed = 00:00:10 . Memory (MB): peak = 1473.898 ; gain = 602.895
---------------------------------------------------------------------------------
Netlist sorting complete. Time (s): cpu = 00:00:00 ; elapsed = 00:00:00.214 . Memory (MB): peak = 1473.898 ; gain = 0.000
INFO: [Project 1-570] Preparing netlist for logic optimization

Processing XDC Constraints
Initializing timing engine
Parsing XDC File [c:/Users/woute/Desktop/rest/HBO/Projecten/Retrogame/RetroGame/VHDL/uart_communication/uart_communication.gen/sources_1/ip/blk_mem_gen_0/blk_mem_gen_0/blk_mem_gen_0_in_context.xdc] for cell 'VIDEO/G3/ROM1'
Finished Parsing XDC File [c:/Users/woute/Desktop/rest/HBO/Projecten/Retrogame/RetroGame/VHDL/uart_communication/uart_communication.gen/sources_1/ip/blk_mem_gen_0/blk_mem_gen_0/blk_mem_gen_0_in_context.xdc] for cell 'VIDEO/G3/ROM1'
Parsing XDC File [c:/Users/woute/Desktop/rest/HBO/Projecten/Retrogame/RetroGame/VHDL/uart_communication/uart_communication.gen/sources_1/ip/prescaler/prescaler/prescaler_in_context.xdc] for cell 'VIDEO/G0'
Finished Parsing XDC File [c:/Users/woute/Desktop/rest/HBO/Projecten/Retrogame/RetroGame/VHDL/uart_communication/uart_communication.gen/sources_1/ip/prescaler/prescaler/prescaler_in_context.xdc] for cell 'VIDEO/G0'
Parsing XDC File [c:/Users/woute/Desktop/rest/HBO/Projecten/Retrogame/RetroGame/VHDL/uart_communication/bouncycube.gen/sources_1/ip/blk_mem_gen_5/blk_mem_gen_5/blk_mem_gen_5_in_context.xdc] for cell 'VIDEO/G3/ROM6'
Finished Parsing XDC File [c:/Users/woute/Desktop/rest/HBO/Projecten/Retrogame/RetroGame/VHDL/uart_communication/bouncycube.gen/sources_1/ip/blk_mem_gen_5/blk_mem_gen_5/blk_mem_gen_5_in_context.xdc] for cell 'VIDEO/G3/ROM6'
Parsing XDC File [c:/Users/woute/Desktop/rest/HBO/Projecten/Retrogame/RetroGame/VHDL/uart_communication/bouncycube.gen/sources_1/ip/blk_mem_gen_3/blk_mem_gen_3/blk_mem_gen_3_in_context.xdc] for cell 'VIDEO/G3/ROM4'
Finished Parsing XDC File [c:/Users/woute/Desktop/rest/HBO/Projecten/Retrogame/RetroGame/VHDL/uart_communication/bouncycube.gen/sources_1/ip/blk_mem_gen_3/blk_mem_gen_3/blk_mem_gen_3_in_context.xdc] for cell 'VIDEO/G3/ROM4'
Parsing XDC File [c:/Users/woute/Desktop/rest/HBO/Projecten/Retrogame/RetroGame/VHDL/uart_communication/bouncycube.gen/sources_1/ip/blk_mem_gen_7/blk_mem_gen_7/blk_mem_gen_7_in_context.xdc] for cell 'VIDEO/G3/ROM8'
Finished Parsing XDC File [c:/Users/woute/Desktop/rest/HBO/Projecten/Retrogame/RetroGame/VHDL/uart_communication/bouncycube.gen/sources_1/ip/blk_mem_gen_7/blk_mem_gen_7/blk_mem_gen_7_in_context.xdc] for cell 'VIDEO/G3/ROM8'
Parsing XDC File [c:/Users/woute/Desktop/rest/HBO/Projecten/Retrogame/RetroGame/VHDL/uart_communication/bouncycube.gen/sources_1/ip/blk_mem_gen_4/blk_mem_gen_4/blk_mem_gen_4_in_context.xdc] for cell 'VIDEO/G3/ROM5'
Finished Parsing XDC File [c:/Users/woute/Desktop/rest/HBO/Projecten/Retrogame/RetroGame/VHDL/uart_communication/bouncycube.gen/sources_1/ip/blk_mem_gen_4/blk_mem_gen_4/blk_mem_gen_4_in_context.xdc] for cell 'VIDEO/G3/ROM5'
Parsing XDC File [c:/Users/woute/Desktop/rest/HBO/Projecten/Retrogame/RetroGame/VHDL/uart_communication/bouncycube.gen/sources_1/ip/blk_mem_gen_2/blk_mem_gen_2/blk_mem_gen_2_in_context.xdc] for cell 'VIDEO/G3/ROM3'
Finished Parsing XDC File [c:/Users/woute/Desktop/rest/HBO/Projecten/Retrogame/RetroGame/VHDL/uart_communication/bouncycube.gen/sources_1/ip/blk_mem_gen_2/blk_mem_gen_2/blk_mem_gen_2_in_context.xdc] for cell 'VIDEO/G3/ROM3'
Parsing XDC File [c:/Users/woute/Desktop/rest/HBO/Projecten/Retrogame/RetroGame/VHDL/uart_communication/bouncycube.gen/sources_1/ip/blk_mem_gen_6/blk_mem_gen_6/blk_mem_gen_6_in_context.xdc] for cell 'VIDEO/G3/ROM7'
Finished Parsing XDC File [c:/Users/woute/Desktop/rest/HBO/Projecten/Retrogame/RetroGame/VHDL/uart_communication/bouncycube.gen/sources_1/ip/blk_mem_gen_6/blk_mem_gen_6/blk_mem_gen_6_in_context.xdc] for cell 'VIDEO/G3/ROM7'
Parsing XDC File [c:/Users/woute/Desktop/rest/HBO/Projecten/Retrogame/RetroGame/VHDL/uart_communication/bouncycube.gen/sources_1/ip/blk_mem_gen_1_2/blk_mem_gen_1/blk_mem_gen_1_in_context.xdc] for cell 'VIDEO/G3/ROM2'
Finished Parsing XDC File [c:/Users/woute/Desktop/rest/HBO/Projecten/Retrogame/RetroGame/VHDL/uart_communication/bouncycube.gen/sources_1/ip/blk_mem_gen_1_2/blk_mem_gen_1/blk_mem_gen_1_in_context.xdc] for cell 'VIDEO/G3/ROM2'
Parsing XDC File [c:/Users/woute/Desktop/rest/HBO/Projecten/Retrogame/RetroGame/VHDL/uart_communication/bouncycube.gen/sources_1/ip/blk_mem_gen_8/blk_mem_gen_8/blk_mem_gen_8_in_context.xdc] for cell 'VIDEO/G3/ROM9'
Finished Parsing XDC File [c:/Users/woute/Desktop/rest/HBO/Projecten/Retrogame/RetroGame/VHDL/uart_communication/bouncycube.gen/sources_1/ip/blk_mem_gen_8/blk_mem_gen_8/blk_mem_gen_8_in_context.xdc] for cell 'VIDEO/G3/ROM9'
Parsing XDC File [C:/Users/woute/Desktop/rest/HBO/Projecten/Retrogame/RetroGame/VHDL/uart_communication/uart_communication.srcs/constrs_1/new/Test_Case.xdc]
Finished Parsing XDC File [C:/Users/woute/Desktop/rest/HBO/Projecten/Retrogame/RetroGame/VHDL/uart_communication/uart_communication.srcs/constrs_1/new/Test_Case.xdc]
INFO: [Project 1-236] Implementation specific constraints were found while reading constraint file [C:/Users/woute/Desktop/rest/HBO/Projecten/Retrogame/RetroGame/VHDL/uart_communication/uart_communication.srcs/constrs_1/new/Test_Case.xdc]. These constraints will be ignored for synthesis but will be used in implementation. Impacted constraints are listed in the file [.Xil/Top_propImpl.xdc].
Resolution: To avoid this warning, move constraints listed in [.Xil/Top_propImpl.xdc] to another XDC file and exclude this new file from synthesis with the used_in_synthesis property (File Properties dialog in GUI) and re-run elaboration/synthesis.
Parsing XDC File [C:/Users/woute/Desktop/rest/HBO/Projecten/Retrogame/RetroGame/VHDL/uart_communication/uart_communication.runs/synth_1/dont_touch.xdc]
Finished Parsing XDC File [C:/Users/woute/Desktop/rest/HBO/Projecten/Retrogame/RetroGame/VHDL/uart_communication/uart_communication.runs/synth_1/dont_touch.xdc]
Completed Processing XDC Constraints

Netlist sorting complete. Time (s): cpu = 00:00:00 ; elapsed = 00:00:00.003 . Memory (MB): peak = 1511.297 ; gain = 0.000
INFO: [Project 1-111] Unisim Transformation Summary:
No Unisim elements were transformed.

Het systeem kan het opgegeven pad niet vinden.
Constraint Validation Runtime : Time (s): cpu = 00:00:00 ; elapsed = 00:00:00.064 . Memory (MB): peak = 1511.297 ; gain = 0.000
INFO: [Designutils 20-5440] No compile time benefit to using incremental synthesis; A full resynthesis will be run
INFO: [Designutils 20-4379] Flow is switching to default flow due to incremental criteria not met. If you would like to alter this behaviour and have the flow terminate instead, please set the following parameter config_implementation {autoIncr.Synth.RejectBehavior Terminate}
---------------------------------------------------------------------------------
Finished Constraint Validation : Time (s): cpu = 00:00:14 ; elapsed = 00:00:21 . Memory (MB): peak = 1511.297 ; gain = 640.293
---------------------------------------------------------------------------------
---------------------------------------------------------------------------------
Start Loading Part and Timing Information
---------------------------------------------------------------------------------
Loading part: xc7a35tcpg236-1
---------------------------------------------------------------------------------
Finished Loading Part and Timing Information : Time (s): cpu = 00:00:14 ; elapsed = 00:00:21 . Memory (MB): peak = 1511.297 ; gain = 640.293
---------------------------------------------------------------------------------
---------------------------------------------------------------------------------
Start Applying 'set_property' XDC Constraints
---------------------------------------------------------------------------------
Applied set_property IO_BUFFER_TYPE = NONE for i_Clk. (constraint file  c:/Users/woute/Desktop/rest/HBO/Projecten/Retrogame/RetroGame/VHDL/uart_communication/uart_communication.gen/sources_1/ip/prescaler/prescaler/prescaler_in_context.xdc, line 3).
Applied set_property CLOCK_BUFFER_TYPE = NONE for i_Clk. (constraint file  c:/Users/woute/Desktop/rest/HBO/Projecten/Retrogame/RetroGame/VHDL/uart_communication/uart_communication.gen/sources_1/ip/prescaler/prescaler/prescaler_in_context.xdc, line 4).
Applied set_property KEEP_HIERARCHY = SOFT for VIDEO/G3/ROM1. (constraint file  auto generated constraint).
Applied set_property KEEP_HIERARCHY = SOFT for VIDEO/G0. (constraint file  auto generated constraint).
Applied set_property KEEP_HIERARCHY = SOFT for VIDEO/G3/ROM6. (constraint file  auto generated constraint).
Applied set_property KEEP_HIERARCHY = SOFT for VIDEO/G3/ROM4. (constraint file  auto generated constraint).
Applied set_property KEEP_HIERARCHY = SOFT for VIDEO/G3/ROM8. (constraint file  auto generated constraint).
Applied set_property KEEP_HIERARCHY = SOFT for VIDEO/G3/ROM5. (constraint file  auto generated constraint).
Applied set_property KEEP_HIERARCHY = SOFT for VIDEO/G3/ROM3. (constraint file  auto generated constraint).
Applied set_property KEEP_HIERARCHY = SOFT for VIDEO/G3/ROM7. (constraint file  auto generated constraint).
Applied set_property KEEP_HIERARCHY = SOFT for VIDEO/G3/ROM2. (constraint file  auto generated constraint).
Applied set_property KEEP_HIERARCHY = SOFT for VIDEO/G3/ROM9. (constraint file  auto generated constraint).
---------------------------------------------------------------------------------
Finished applying 'set_property' XDC Constraints : Time (s): cpu = 00:00:14 ; elapsed = 00:00:21 . Memory (MB): peak = 1511.297 ; gain = 640.293
---------------------------------------------------------------------------------
WARNING: [Synth 8-3936] Found unconnected internal register 'vtemp_reg' and it is trimmed from '10' to '1' bits. [C:/Users/woute/Desktop/rest/HBO/Projecten/Retrogame/RetroGame/VHDL/uart_communication/uart_communication.srcs/sources_1/new/Videokaart/vga.vhd:48]
WARNING: [Synth 8-3936] Found unconnected internal register 'htemp_reg' and it is trimmed from '10' to '1' bits. [C:/Users/woute/Desktop/rest/HBO/Projecten/Retrogame/RetroGame/VHDL/uart_communication/uart_communication.srcs/sources_1/new/Videokaart/vga.vhd:51]
INFO: [Synth 8-802] inferred FSM for state register 'r_SM_Main_reg' in module 'UART_TX'
INFO: [Synth 8-802] inferred FSM for state register 'which_byte_out_reg' in module 'UREQUEST'
---------------------------------------------------------------------------------------------------
                   State |                     New Encoding |                Previous Encoding 
---------------------------------------------------------------------------------------------------
                  s_idle |                              000 |                              000
          s_tx_start_bit |                              001 |                              001
          s_tx_data_bits |                              010 |                              010
           s_tx_stop_bit |                              011 |                              011
               s_cleanup |                              100 |                              100
---------------------------------------------------------------------------------------------------
INFO: [Synth 8-3354] encoded FSM with state register 'r_SM_Main_reg' using encoding 'sequential' in module 'UART_TX'
---------------------------------------------------------------------------------------------------
                   State |                     New Encoding |                Previous Encoding 
---------------------------------------------------------------------------------------------------
                  iSTATE |                              000 |                              000
                 iSTATE0 |                              001 |                              001
                 iSTATE1 |                              010 |                              010
                 iSTATE2 |                              011 |                              011
                 iSTATE3 |                              100 |                              100
---------------------------------------------------------------------------------------------------
INFO: [Synth 8-3354] encoded FSM with state register 'which_byte_out_reg' using encoding 'sequential' in module 'UREQUEST'
---------------------------------------------------------------------------------
Finished RTL Optimization Phase 2 : Time (s): cpu = 00:00:17 ; elapsed = 00:00:26 . Memory (MB): peak = 1511.297 ; gain = 640.293
---------------------------------------------------------------------------------
---------------------------------------------------------------------------------
Start RTL Component Statistics 
---------------------------------------------------------------------------------
Detailed RTL Component Info : 
+---Adders : 
	   3 Input   33 Bit       Adders := 16    
	   2 Input   32 Bit       Adders := 25    
	   3 Input   32 Bit       Adders := 8     
	   2 Input   31 Bit       Adders := 16    
	   2 Input   15 Bit       Adders := 3     
	   2 Input   12 Bit       Adders := 2     
	   2 Input   11 Bit       Adders := 5     
	   2 Input   10 Bit       Adders := 9     
	   3 Input    8 Bit       Adders := 2     
	   2 Input    8 Bit       Adders := 5     
	   2 Input    7 Bit       Adders := 10    
	   2 Input    5 Bit       Adders := 16    
	   2 Input    4 Bit       Adders := 5     
	   2 Input    3 Bit       Adders := 12    
	   2 Input    2 Bit       Adders := 15    
	   2 Input    1 Bit       Adders := 2     
+---Registers : 
	               32 Bit    Registers := 11    
	               12 Bit    Registers := 3     
	               10 Bit    Registers := 13    
	                9 Bit    Registers := 2     
	                8 Bit    Registers := 37    
	                7 Bit    Registers := 6     
	                5 Bit    Registers := 4     
	                4 Bit    Registers := 1403  
	                3 Bit    Registers := 7     
	                1 Bit    Registers := 56    
+---ROMs : 
	                    ROMs := 8     
+---Muxes : 
	   2 Input   32 Bit        Muxes := 57    
	   8 Input   32 Bit        Muxes := 13    
	   3 Input   32 Bit        Muxes := 2     
	   4 Input   32 Bit        Muxes := 2     
	   5 Input   32 Bit        Muxes := 1     
	   2 Input   31 Bit        Muxes := 16    
	   2 Input   20 Bit        Muxes := 1     
	   2 Input   19 Bit        Muxes := 4     
	   2 Input   16 Bit        Muxes := 2     
	   2 Input   15 Bit        Muxes := 7     
	   3 Input   12 Bit        Muxes := 1     
	   2 Input   12 Bit        Muxes := 4     
	   2 Input   11 Bit        Muxes := 6     
	  11 Input   10 Bit        Muxes := 2     
	   2 Input   10 Bit        Muxes := 4     
	  11 Input    9 Bit        Muxes := 2     
	   3 Input    8 Bit        Muxes := 5     
	   4 Input    8 Bit        Muxes := 3     
	   2 Input    8 Bit        Muxes := 148   
	   8 Input    8 Bit        Muxes := 43    
	   6 Input    8 Bit        Muxes := 3     
	   2 Input    7 Bit        Muxes := 4     
	   5 Input    7 Bit        Muxes := 1     
	   2 Input    5 Bit        Muxes := 48    
	   6 Input    5 Bit        Muxes := 2     
	   3 Input    5 Bit        Muxes := 2     
	   2 Input    4 Bit        Muxes := 2588  
	   3 Input    4 Bit        Muxes := 3     
	   5 Input    4 Bit        Muxes := 2     
	   8 Input    4 Bit        Muxes := 1     
	   6 Input    4 Bit        Muxes := 1     
	   2 Input    3 Bit        Muxes := 12    
	   3 Input    3 Bit        Muxes := 1     
	   5 Input    3 Bit        Muxes := 2     
	   2 Input    2 Bit        Muxes := 14    
	   4 Input    2 Bit        Muxes := 2     
	   3 Input    2 Bit        Muxes := 1     
	   2 Input    1 Bit        Muxes := 2721  
	  11 Input    1 Bit        Muxes := 3     
	   4 Input    1 Bit        Muxes := 4     
	   7 Input    1 Bit        Muxes := 1     
	   8 Input    1 Bit        Muxes := 5     
	   9 Input    1 Bit        Muxes := 2     
	   3 Input    1 Bit        Muxes := 2     
	   5 Input    1 Bit        Muxes := 14    
	   6 Input    1 Bit        Muxes := 3     
---------------------------------------------------------------------------------
Finished RTL Component Statistics 
---------------------------------------------------------------------------------
---------------------------------------------------------------------------------
Start Part Resource Summary
---------------------------------------------------------------------------------
Part Resources:
DSPs: 90 (col length:60)
BRAMs: 100 (col length: RAMB18 60 RAMB36 30)
---------------------------------------------------------------------------------
Finished Part Resource Summary
---------------------------------------------------------------------------------
---------------------------------------------------------------------------------
Start Cross Boundary and Area Optimization
---------------------------------------------------------------------------------
WARNING: [Synth 8-7080] Parallel synthesis criteria is not met
WARNING: [Synth 8-3936] Found unconnected internal register 'G2/vpos_reg' and it is trimmed from '8' to '7' bits. [C:/Users/woute/Desktop/rest/HBO/Projecten/Retrogame/RetroGame/VHDL/uart_communication/uart_communication.srcs/sources_1/new/Videokaart/sprite locatie.vhd:93]
WARNING: [Synth 8-3936] Found unconnected internal register 'G2/hpos_reg' and it is trimmed from '8' to '7' bits. [C:/Users/woute/Desktop/rest/HBO/Projecten/Retrogame/RetroGame/VHDL/uart_communication/uart_communication.srcs/sources_1/new/Videokaart/sprite locatie.vhd:92]
DSP Report: Generating DSP tussenwaarde2, operation Mode is: A*(B:0xa).
DSP Report: operator tussenwaarde2 is absorbed into DSP tussenwaarde2.
DSP Report: Generating DSP tussenwaarde0, operation Mode is: PCIN+(A:0x3e8)*B.
DSP Report: operator tussenwaarde0 is absorbed into DSP tussenwaarde0.
DSP Report: operator tussenwaarde2 is absorbed into DSP tussenwaarde0.
DSP Report: Generating DSP tussenwaarde2, operation Mode is: A*(B:0x64).
DSP Report: operator tussenwaarde2 is absorbed into DSP tussenwaarde2.
DSP Report: Generating DSP tussenwaarde0, operation Mode is: PCIN+(A:0x3e8)*B.
DSP Report: operator tussenwaarde0 is absorbed into DSP tussenwaarde0.
DSP Report: operator tussenwaarde2 is absorbed into DSP tussenwaarde0.
DSP Report: Generating DSP tussenwaarde2, operation Mode is: A*(B:0xa).
DSP Report: operator tussenwaarde2 is absorbed into DSP tussenwaarde2.
DSP Report: Generating DSP tussenwaarde0, operation Mode is: PCIN+(A:0x3e8)*B.
DSP Report: operator tussenwaarde0 is absorbed into DSP tussenwaarde0.
DSP Report: operator tussenwaarde3 is absorbed into DSP tussenwaarde0.
DSP Report: Generating DSP tussenwaarde2, operation Mode is: A*(B:0xa).
DSP Report: operator tussenwaarde2 is absorbed into DSP tussenwaarde2.
DSP Report: Generating DSP tussenwaarde0, operation Mode is: PCIN+(A:0x3e8)*B.
DSP Report: operator tussenwaarde0 is absorbed into DSP tussenwaarde0.
DSP Report: operator tussenwaarde2 is absorbed into DSP tussenwaarde0.
---------------------------------------------------------------------------------
Finished Cross Boundary and Area Optimization : Time (s): cpu = 00:01:01 ; elapsed = 00:01:23 . Memory (MB): peak = 1736.844 ; gain = 865.840
---------------------------------------------------------------------------------
 Sort Area is RD_Process__GB1 tussenwaarde2_3 : 0 0 : 95 356 : Used 1 time 0
 Sort Area is RD_Process__GB1 tussenwaarde2_3 : 0 1 : 261 356 : Used 1 time 0
 Sort Area is RD_Process__GB1 tussenwaarde2_0 : 0 0 : 35 293 : Used 1 time 0
 Sort Area is RD_Process__GB1 tussenwaarde2_0 : 0 1 : 258 293 : Used 1 time 0
 Sort Area is RD_Process__GB1 tussenwaarde2_6 : 0 0 : 35 293 : Used 1 time 0
 Sort Area is RD_Process__GB1 tussenwaarde2_6 : 0 1 : 258 293 : Used 1 time 0
 Sort Area is RD_Process__GB1 tussenwaarde2_7 : 0 0 : 35 293 : Used 1 time 0
 Sort Area is RD_Process__GB1 tussenwaarde2_7 : 0 1 : 258 293 : Used 1 time 0
---------------------------------------------------------------------------------
Start ROM, RAM, DSP, Shift Register and Retiming Reporting
---------------------------------------------------------------------------------

ROM: Preliminary Mapping Report
+--------------+---------------------+---------------+----------------+
|Module Name   | RTL Object          | Depth x Width | Implemented As | 
+--------------+---------------------+---------------+----------------+
|Pixel_On_Text | fontRom/fontRow_reg | 2048x8        | Block RAM      | 
|Pixel_On_Text | fontRom/fontRow_reg | 2048x8        | Block RAM      | 
|Pixel_On_Text | fontRom/fontRow_reg | 2048x8        | Block RAM      | 
|Pixel_On_Text | fontRom/fontRow_reg | 2048x8        | Block RAM      | 
|Pixel_On_Text | fontRom/fontRow_reg | 2048x8        | Block RAM      | 
|Pixel_On_Text | fontRom/fontRow_reg | 2048x8        | Block RAM      | 
|Pixel_On_Text | fontRom/fontRow_reg | 2048x8        | Block RAM      | 
|Pixel_On_Text | fontRom/fontRow_reg | 2048x8        | Block RAM      | 
+--------------+---------------------+---------------+----------------+


DSP: Preliminary Mapping Report (see note below. The ' indicates corresponding REG is set)
+------------+------------------+--------+--------+--------+--------+--------+------+------+------+------+-------+------+------+
|Module Name | DSP Mapping      | A Size | B Size | C Size | D Size | P Size | AREG | BREG | CREG | DREG | ADREG | MREG | PREG | 
+------------+------------------+--------+--------+--------+--------+--------+------+------+------+------+-------+------+------+
|RD_Process  | A*(B:0xa)        | 8      | 4      | -      | -      | 12     | 0    | 0    | -    | -    | -     | 0    | 0    | 
|RD_Process  | PCIN+(A:0x3e8)*B | 10     | 8      | -      | -      | 18     | 0    | 0    | -    | -    | -     | 0    | 0    | 
|RD_Process  | A*(B:0x64)       | 8      | 7      | -      | -      | 15     | 0    | 0    | -    | -    | -     | 0    | 0    | 
|RD_Process  | PCIN+(A:0x3e8)*B | 10     | 8      | -      | -      | 19     | 0    | 0    | -    | -    | -     | 0    | 0    | 
|RD_Process  | A*(B:0xa)        | 8      | 4      | -      | -      | 12     | 0    | 0    | -    | -    | -     | 0    | 0    | 
|RD_Process  | PCIN+(A:0x3e8)*B | 10     | 8      | -      | -      | 19     | 0    | 0    | -    | -    | -     | 0    | 0    | 
|RD_Process  | A*(B:0xa)        | 8      | 4      | -      | -      | 12     | 0    | 0    | -    | -    | -     | 0    | 0    | 
|RD_Process  | PCIN+(A:0x3e8)*B | 10     | 8      | -      | -      | 18     | 0    | 0    | -    | -    | -     | 0    | 0    | 
+------------+------------------+--------+--------+--------+--------+--------+------+------+------+------+-------+------+------+

Note: The table above is a preliminary report that shows the DSPs inferred at the current stage of the synthesis flow. Some DSP may be reimplemented as non DSP primitives later in the synthesis flow. Multiple instantiated DSPs are reported only once.
---------------------------------------------------------------------------------
Finished ROM, RAM, DSP, Shift Register and Retiming Reporting
---------------------------------------------------------------------------------
---------------------------------------------------------------------------------
Start Applying XDC Timing Constraints
---------------------------------------------------------------------------------
---------------------------------------------------------------------------------
Finished Applying XDC Timing Constraints : Time (s): cpu = 00:01:09 ; elapsed = 00:01:33 . Memory (MB): peak = 1736.844 ; gain = 865.840
---------------------------------------------------------------------------------
---------------------------------------------------------------------------------
Start Timing Optimization
---------------------------------------------------------------------------------
---------------------------------------------------------------------------------
Finished Timing Optimization : Time (s): cpu = 00:01:13 ; elapsed = 00:01:37 . Memory (MB): peak = 1736.844 ; gain = 865.840
---------------------------------------------------------------------------------
---------------------------------------------------------------------------------
Start Technology Mapping
---------------------------------------------------------------------------------
INFO: [Synth 8-7052] The timing for the instance VIDEO/G5/sunflower/fontRom/fontRow_reg (implemented as a Block RAM) might be sub-optimal as no optional output register could be merged into the ram block. Providing additional output register may help in improving timing.
INFO: [Synth 8-7052] The timing for the instance VIDEO/G5/sunflower/fontRom/fontRow_reg (implemented as a Block RAM) might be sub-optimal as no optional output register could be merged into the ram block. Providing additional output register may help in improving timing.
INFO: [Synth 8-7052] The timing for the instance VIDEO/G5/crazyPear/fontRom/fontRow_reg (implemented as a Block RAM) might be sub-optimal as no optional output register could be merged into the ram block. Providing additional output register may help in improving timing.
INFO: [Synth 8-7052] The timing for the instance VIDEO/G5/crazyPear/fontRom/fontRow_reg (implemented as a Block RAM) might be sub-optimal as no optional output register could be merged into the ram block. Providing additional output register may help in improving timing.
INFO: [Synth 8-7052] The timing for the instance VIDEO/G5/money/fontRom/fontRow_reg (implemented as a Block RAM) might be sub-optimal as no optional output register could be merged into the ram block. Providing additional output register may help in improving timing.
INFO: [Synth 8-7052] The timing for the instance VIDEO/G5/money/fontRom/fontRow_reg (implemented as a Block RAM) might be sub-optimal as no optional output register could be merged into the ram block. Providing additional output register may help in improving timing.
INFO: [Synth 8-7052] The timing for the instance VIDEO/G5/wave/fontRom/fontRow_reg (implemented as a Block RAM) might be sub-optimal as no optional output register could be merged into the ram block. Providing additional output register may help in improving timing.
INFO: [Synth 8-7052] The timing for the instance VIDEO/G5/wave/fontRom/fontRow_reg (implemented as a Block RAM) might be sub-optimal as no optional output register could be merged into the ram block. Providing additional output register may help in improving timing.
---------------------------------------------------------------------------------
Finished Technology Mapping : Time (s): cpu = 00:01:20 ; elapsed = 00:01:45 . Memory (MB): peak = 1736.844 ; gain = 865.840
---------------------------------------------------------------------------------
---------------------------------------------------------------------------------
Start IO Insertion
---------------------------------------------------------------------------------
---------------------------------------------------------------------------------
Start Flattening Before IO Insertion
---------------------------------------------------------------------------------
---------------------------------------------------------------------------------
Finished Flattening Before IO Insertion
---------------------------------------------------------------------------------
---------------------------------------------------------------------------------
Start Final Netlist Cleanup
---------------------------------------------------------------------------------
---------------------------------------------------------------------------------
Finished Final Netlist Cleanup
---------------------------------------------------------------------------------
---------------------------------------------------------------------------------
Finished IO Insertion : Time (s): cpu = 00:01:25 ; elapsed = 00:01:52 . Memory (MB): peak = 1736.844 ; gain = 865.840
---------------------------------------------------------------------------------
---------------------------------------------------------------------------------
Start Renaming Generated Instances
---------------------------------------------------------------------------------
---------------------------------------------------------------------------------
Finished Renaming Generated Instances : Time (s): cpu = 00:01:25 ; elapsed = 00:01:52 . Memory (MB): peak = 1736.844 ; gain = 865.840
---------------------------------------------------------------------------------
---------------------------------------------------------------------------------
Start Rebuilding User Hierarchy
---------------------------------------------------------------------------------
---------------------------------------------------------------------------------
Finished Rebuilding User Hierarchy : Time (s): cpu = 00:01:27 ; elapsed = 00:01:54 . Memory (MB): peak = 1736.844 ; gain = 865.840
---------------------------------------------------------------------------------
---------------------------------------------------------------------------------
Start Renaming Generated Ports
---------------------------------------------------------------------------------
---------------------------------------------------------------------------------
Finished Renaming Generated Ports : Time (s): cpu = 00:01:27 ; elapsed = 00:01:54 . Memory (MB): peak = 1736.844 ; gain = 865.840
---------------------------------------------------------------------------------
---------------------------------------------------------------------------------
Start Handling Custom Attributes
---------------------------------------------------------------------------------
---------------------------------------------------------------------------------
Finished Handling Custom Attributes : Time (s): cpu = 00:01:28 ; elapsed = 00:01:55 . Memory (MB): peak = 1736.844 ; gain = 865.840
---------------------------------------------------------------------------------
---------------------------------------------------------------------------------
Start Renaming Generated Nets
---------------------------------------------------------------------------------
---------------------------------------------------------------------------------
Finished Renaming Generated Nets : Time (s): cpu = 00:01:28 ; elapsed = 00:01:55 . Memory (MB): peak = 1736.844 ; gain = 865.840
---------------------------------------------------------------------------------
---------------------------------------------------------------------------------
Start Writing Synthesis Report
---------------------------------------------------------------------------------

DSP Final Report (the ' indicates corresponding REG is set)
+------------+-------------+--------+--------+--------+--------+--------+------+------+------+------+-------+------+------+
|Module Name | DSP Mapping | A Size | B Size | C Size | D Size | P Size | AREG | BREG | CREG | DREG | ADREG | MREG | PREG | 
+------------+-------------+--------+--------+--------+--------+--------+------+------+------+------+-------+------+------+
|RD_Process  | A*B         | 4      | 4      | -      | -      | 12     | 0    | 0    | -    | -    | -     | 0    | 0    | 
|RD_Process  | PCIN+A*B    | 10     | 3      | -      | -      | 18     | 0    | 0    | -    | -    | -     | 0    | 0    | 
|RD_Process  | A*B         | 4      | 7      | -      | -      | 15     | 0    | 0    | -    | -    | -     | 0    | 0    | 
|RD_Process  | PCIN+A*B    | 10     | 4      | -      | -      | 19     | 0    | 0    | -    | -    | -     | 0    | 0    | 
|RD_Process  | A*B         | 8      | 4      | -      | -      | 12     | 0    | 0    | -    | -    | -     | 0    | 0    | 
|RD_Process  | PCIN+A*B    | 10     | 8      | -      | -      | 19     | 0    | 0    | -    | -    | -     | 0    | 0    | 
|RD_Process  | A*B         | 4      | 4      | -      | -      | 12     | 0    | 0    | -    | -    | -     | 0    | 0    | 
|RD_Process  | PCIN+A*B    | 10     | 3      | -      | -      | 18     | 0    | 0    | -    | -    | -     | 0    | 0    | 
+------------+-------------+--------+--------+--------+--------+--------+------+------+------+------+-------+------+------+


Report BlackBoxes: 
+------+--------------+----------+
|      |BlackBox name |Instances |
+------+--------------+----------+
|1     |prescaler     |         1|
|2     |blk_mem_gen_0 |         1|
|3     |blk_mem_gen_1 |         1|
|4     |blk_mem_gen_2 |         1|
|5     |blk_mem_gen_3 |         1|
|6     |blk_mem_gen_4 |         1|
|7     |blk_mem_gen_5 |         1|
|8     |blk_mem_gen_6 |         1|
|9     |blk_mem_gen_7 |         1|
|10    |blk_mem_gen_8 |         1|
+------+--------------+----------+

Report Cell Usage: 
+------+-------------------+------+
|      |Cell               |Count |
+------+-------------------+------+
|1     |blk_mem_gen_0_bbox |     1|
|2     |blk_mem_gen_1_bbox |     1|
|3     |blk_mem_gen_2_bbox |     1|
|4     |blk_mem_gen_3_bbox |     1|
|5     |blk_mem_gen_4_bbox |     1|
|6     |blk_mem_gen_5_bbox |     1|
|7     |blk_mem_gen_6_bbox |     1|
|8     |blk_mem_gen_7_bbox |     1|
|9     |blk_mem_gen_8_bbox |     1|
|10    |prescaler_bbox     |     1|
|11    |BUFG               |     1|
|12    |CARRY4             |  2182|
|13    |DSP48E1            |     8|
|14    |LUT1               |   597|
|15    |LUT2               |  4474|
|16    |LUT3               |  2479|
|17    |LUT4               |  1856|
|18    |LUT5               |  1365|
|19    |LUT6               |  4380|
|20    |MUXF7              |   717|
|21    |MUXF8              |   288|
|22    |RAMB18E1           |     4|
|23    |FDCE               |    36|
|24    |FDPE               |    10|
|25    |FDRE               |  6389|
|26    |FDSE               |    34|
|27    |IBUF               |     6|
|28    |OBUF               |    33|
+------+-------------------+------+
---------------------------------------------------------------------------------
Finished Writing Synthesis Report : Time (s): cpu = 00:01:28 ; elapsed = 00:01:55 . Memory (MB): peak = 1736.844 ; gain = 865.840
---------------------------------------------------------------------------------
Synthesis finished with 0 errors, 0 critical warnings and 5 warnings.
Synthesis Optimization Runtime : Time (s): cpu = 00:01:19 ; elapsed = 00:01:50 . Memory (MB): peak = 1736.844 ; gain = 828.441
Synthesis Optimization Complete : Time (s): cpu = 00:01:28 ; elapsed = 00:01:55 . Memory (MB): peak = 1736.844 ; gain = 865.840
INFO: [Project 1-571] Translating synthesized netlist
Netlist sorting complete. Time (s): cpu = 00:00:00 ; elapsed = 00:00:00.225 . Memory (MB): peak = 1736.844 ; gain = 0.000
INFO: [Netlist 29-17] Analyzing 3199 Unisim elements for replacement
INFO: [Netlist 29-28] Unisim Transformation completed in 0 CPU seconds
INFO: [Project 1-570] Preparing netlist for logic optimization
INFO: [Opt 31-140] Inserted 1 IBUFs to IO ports without IO buffers.
INFO: [Opt 31-138] Pushed 0 inverter(s) to 0 load pin(s).
Netlist sorting complete. Time (s): cpu = 00:00:00 ; elapsed = 00:00:00.004 . Memory (MB): peak = 1736.844 ; gain = 0.000
INFO: [Project 1-111] Unisim Transformation Summary:
No Unisim elements were transformed.

Het systeem kan het opgegeven pad niet vinden.
Synth Design complete | Checksum: c67291bd
INFO: [Common 17-83] Releasing license: Synthesis
129 Infos, 24 Warnings, 0 Critical Warnings and 0 Errors encountered.
synth_design completed successfully
synth_design: Time (s): cpu = 00:01:35 ; elapsed = 00:02:04 . Memory (MB): peak = 1736.844 ; gain = 1262.027
Write ShapeDB Complete: Time (s): cpu = 00:00:00 ; elapsed = 00:00:00.063 . Memory (MB): peak = 1736.844 ; gain = 0.000
INFO: [Common 17-1381] The checkpoint 'C:/Users/woute/Desktop/rest/HBO/Projecten/Retrogame/RetroGame/VHDL/uart_communication/uart_communication.runs/synth_1/Top.dcp' has been generated.
INFO: [runtcl-4] Executing : report_utilization -file Top_utilization_synth.rpt -pb Top_utilization_synth.pb
INFO: [Common 17-206] Exiting Vivado at Fri Apr 12 11:05:44 2024...
